<?xml version="1.0" encoding="UTF-8"?>
<!-- Generated by org.testng.reporters.JUnitReportReporter -->
<testsuite hostname="DELTECS-PC19" failures="0" tests="1" name="Entrata.EntrataTest" time="34.066" errors="0" timestamp="2024-02-15T23:49:23 IST" skipped="0">
  <testcase classname="Entrata.EntrataTest" name="testEntrataWebsite" time="34.066"/>
</testsuite> <!-- Entrata.EntrataTest -->
